<?xml version="1.0" encoding="UTF-8"?>
<testsuite xmlns:xsi="http://www.w3.org/2001/XMLSchema-instance" xsi:noNamespaceSchemaLocation="https://maven.apache.org/surefire/maven-surefire-plugin/xsd/surefire-test-report-3.0.xsd" version="3.0" name="TestSuite" time="69.508" tests="3" errors="0" skipped="0" failures="0">
  <properties>
    <property name="java.specification.version" value="21"/>
    <property name="sun.jnu.encoding" value="UTF-8"/>
    <property name="java.class.path" value="/home/icanio-10155/app/DCM/Automation/target/test-classes:/home/icanio-10155/app/DCM/Automation/target/classes:/home/icanio-10155/.m2/repository/com/microsoft/playwright/playwright/1.51.0/playwright-1.51.0.jar:/home/icanio-10155/.m2/repository/com/google/code/gson/gson/2.12.1/gson-2.12.1.jar:/home/icanio-10155/.m2/repository/com/google/errorprone/error_prone_annotations/2.36.0/error_prone_annotations-2.36.0.jar:/home/icanio-10155/.m2/repository/org/opentest4j/opentest4j/1.3.0/opentest4j-1.3.0.jar:/home/icanio-10155/.m2/repository/com/microsoft/playwright/driver/1.51.0/driver-1.51.0.jar:/home/icanio-10155/.m2/repository/com/microsoft/playwright/driver-bundle/1.51.0/driver-bundle-1.51.0.jar:/home/icanio-10155/.m2/repository/org/apache/poi/poi-ooxml/5.3.0/poi-ooxml-5.3.0.jar:/home/icanio-10155/.m2/repository/org/apache/poi/poi-ooxml-lite/5.3.0/poi-ooxml-lite-5.3.0.jar:/home/icanio-10155/.m2/repository/org/apache/xmlbeans/xmlbeans/5.2.1/xmlbeans-5.2.1.jar:/home/icanio-10155/.m2/repository/org/apache/commons/commons-compress/1.26.2/commons-compress-1.26.2.jar:/home/icanio-10155/.m2/repository/commons-io/commons-io/2.16.1/commons-io-2.16.1.jar:/home/icanio-10155/.m2/repository/com/github/virtuald/curvesapi/1.08/curvesapi-1.08.jar:/home/icanio-10155/.m2/repository/org/apache/logging/log4j/log4j-api/2.23.1/log4j-api-2.23.1.jar:/home/icanio-10155/.m2/repository/org/apache/commons/commons-collections4/4.4/commons-collections4-4.4.jar:/home/icanio-10155/.m2/repository/javax/annotation/javax.annotation-api/1.3.2/javax.annotation-api-1.3.2.jar:/home/icanio-10155/.m2/repository/org/apache/poi/poi/5.3.0/poi-5.3.0.jar:/home/icanio-10155/.m2/repository/commons-codec/commons-codec/1.17.0/commons-codec-1.17.0.jar:/home/icanio-10155/.m2/repository/org/apache/commons/commons-math3/3.6.1/commons-math3-3.6.1.jar:/home/icanio-10155/.m2/repository/com/zaxxer/SparseBitSet/1.3/SparseBitSet-1.3.jar:/home/icanio-10155/.m2/repository/io/github/bonigarcia/webdrivermanager/5.9.2/webdrivermanager-5.9.2.jar:/home/icanio-10155/.m2/repository/com/github/docker-java/docker-java/3.4.0/docker-java-3.4.0.jar:/home/icanio-10155/.m2/repository/com/github/docker-java/docker-java-core/3.4.0/docker-java-core-3.4.0.jar:/home/icanio-10155/.m2/repository/com/github/docker-java/docker-java-api/3.4.0/docker-java-api-3.4.0.jar:/home/icanio-10155/.m2/repository/org/slf4j/jcl-over-slf4j/1.7.30/jcl-over-slf4j-1.7.30.jar:/home/icanio-10155/.m2/repository/com/github/docker-java/docker-java-transport-httpclient5/3.4.0/docker-java-transport-httpclient5-3.4.0.jar:/home/icanio-10155/.m2/repository/com/github/docker-java/docker-java-transport/3.4.0/docker-java-transport-3.4.0.jar:/home/icanio-10155/.m2/repository/net/java/dev/jna/jna/5.13.0/jna-5.13.0.jar:/home/icanio-10155/.m2/repository/org/brotli/dec/0.1.2/dec-0.1.2.jar:/home/icanio-10155/.m2/repository/org/apache/httpcomponents/client5/httpclient5/5.2.1/httpclient5-5.2.1.jar:/home/icanio-10155/.m2/repository/org/apache/httpcomponents/core5/httpcore5/5.2/httpcore5-5.2.jar:/home/icanio-10155/.m2/repository/org/apache/httpcomponents/core5/httpcore5-h2/5.2/httpcore5-h2-5.2.jar:/home/icanio-10155/.m2/repository/org/projectlombok/lombok/1.18.34/lombok-1.18.34.jar:/home/icanio-10155/.m2/repository/com/aventstack/extentreports/5.1.2/extentreports-5.1.2.jar:/home/icanio-10155/.m2/repository/io/reactivex/rxjava3/rxjava/3.1.6/rxjava-3.1.6.jar:/home/icanio-10155/.m2/repository/org/reactivestreams/reactive-streams/1.0.4/reactive-streams-1.0.4.jar:/home/icanio-10155/.m2/repository/org/freemarker/freemarker/2.3.32/freemarker-2.3.32.jar:/home/icanio-10155/.m2/repository/org/testng/testng/7.10.2/testng-7.10.2.jar:/home/icanio-10155/.m2/repository/com/beust/jcommander/1.82/jcommander-1.82.jar:/home/icanio-10155/.m2/repository/org/webjars/jquery/3.7.1/jquery-3.7.1.jar:/home/icanio-10155/.m2/repository/org/json/json/20240303/json-20240303.jar:/home/icanio-10155/.m2/repository/com/fasterxml/jackson/core/jackson-databind/2.18.0/jackson-databind-2.18.0.jar:/home/icanio-10155/.m2/repository/com/fasterxml/jackson/core/jackson-annotations/2.18.0/jackson-annotations-2.18.0.jar:/home/icanio-10155/.m2/repository/com/fasterxml/jackson/core/jackson-core/2.18.0/jackson-core-2.18.0.jar:/home/icanio-10155/.m2/repository/com/github/fge/jackson-coreutils/1.8/jackson-coreutils-1.8.jar:/home/icanio-10155/.m2/repository/com/github/fge/msg-simple/1.1/msg-simple-1.1.jar:/home/icanio-10155/.m2/repository/com/github/fge/btf/1.2/btf-1.2.jar:/home/icanio-10155/.m2/repository/com/google/guava/guava/16.0.1/guava-16.0.1.jar:/home/icanio-10155/.m2/repository/com/google/code/findbugs/jsr305/2.0.1/jsr305-2.0.1.jar:/home/icanio-10155/.m2/repository/com/github/fge/json-schema-core/1.2.5/json-schema-core-1.2.5.jar:/home/icanio-10155/.m2/repository/com/github/fge/uri-template/0.9/uri-template-0.9.jar:/home/icanio-10155/.m2/repository/org/mozilla/rhino/1.7R4/rhino-1.7R4.jar:/home/icanio-10155/.m2/repository/com/googlecode/json-simple/json-simple/1.1.1/json-simple-1.1.1.jar:/home/icanio-10155/.m2/repository/junit/junit/4.10/junit-4.10.jar:/home/icanio-10155/.m2/repository/org/hamcrest/hamcrest-core/1.1/hamcrest-core-1.1.jar:/home/icanio-10155/.m2/repository/org/apache/commons/commons-lang3/3.17.0/commons-lang3-3.17.0.jar:/home/icanio-10155/.m2/repository/com/github/seratch/jslack/3.4.2/jslack-3.4.2.jar:/home/icanio-10155/.m2/repository/com/github/seratch/jslack-api-model/3.4.2/jslack-api-model-3.4.2.jar:/home/icanio-10155/.m2/repository/com/github/seratch/jslack-api-client/3.4.2/jslack-api-client-3.4.2.jar:/home/icanio-10155/.m2/repository/com/squareup/okhttp3/okhttp/4.2.2/okhttp-4.2.2.jar:/home/icanio-10155/.m2/repository/com/squareup/okio/okio/2.2.2/okio-2.2.2.jar:/home/icanio-10155/.m2/repository/org/jetbrains/kotlin/kotlin-stdlib/1.3.50/kotlin-stdlib-1.3.50.jar:/home/icanio-10155/.m2/repository/org/jetbrains/kotlin/kotlin-stdlib-common/1.3.50/kotlin-stdlib-common-1.3.50.jar:/home/icanio-10155/.m2/repository/org/jetbrains/annotations/13.0/annotations-13.0.jar:/home/icanio-10155/.m2/repository/com/github/seratch/jslack-app-backend/3.4.2/jslack-app-backend-3.4.2.jar:/home/icanio-10155/.m2/repository/org/apache/httpcomponents/httpmime/4.5.14/httpmime-4.5.14.jar:/home/icanio-10155/.m2/repository/org/apache/httpcomponents/httpclient/4.5.14/httpclient-4.5.14.jar:/home/icanio-10155/.m2/repository/org/apache/httpcomponents/httpcore/4.4.16/httpcore-4.4.16.jar:/home/icanio-10155/.m2/repository/commons-logging/commons-logging/1.2/commons-logging-1.2.jar:/home/icanio-10155/.m2/repository/org/slf4j/slf4j-simple/2.0.16/slf4j-simple-2.0.16.jar:/home/icanio-10155/.m2/repository/org/slf4j/slf4j-api/2.0.16/slf4j-api-2.0.16.jar:/home/icanio-10155/.m2/repository/com/epam/reportportal/agent-java-testng/5.4.3/agent-java-testng-5.4.3.jar:/home/icanio-10155/.m2/repository/com/epam/reportportal/client-java/5.2.15/client-java-5.2.15.jar:/home/icanio-10155/.m2/repository/com/epam/reportportal/commons-model/5.3.3/commons-model-5.3.3.jar:/home/icanio-10155/.m2/repository/io/swagger/swagger-annotations/1.6.0/swagger-annotations-1.6.0.jar:/home/icanio-10155/.m2/repository/javax/validation/validation-api/2.0.1.Final/validation-api-2.0.1.Final.jar:/home/icanio-10155/.m2/repository/io/reactivex/rxjava2/rxjava/2.2.10/rxjava-2.2.10.jar:/home/icanio-10155/.m2/repository/com/squareup/retrofit2/retrofit/2.9.0/retrofit-2.9.0.jar:/home/icanio-10155/.m2/repository/com/squareup/retrofit2/converter-scalars/2.9.0/converter-scalars-2.9.0.jar:/home/icanio-10155/.m2/repository/com/squareup/retrofit2/converter-jackson/2.9.0/converter-jackson-2.9.0.jar:/home/icanio-10155/.m2/repository/com/squareup/retrofit2/adapter-rxjava2/2.9.0/adapter-rxjava2-2.9.0.jar:/home/icanio-10155/.m2/repository/com/squareup/okhttp3/logging-interceptor/4.12.0/logging-interceptor-4.12.0.jar:/home/icanio-10155/.m2/repository/org/jetbrains/kotlin/kotlin-stdlib-jdk8/1.8.21/kotlin-stdlib-jdk8-1.8.21.jar:/home/icanio-10155/.m2/repository/org/jetbrains/kotlin/kotlin-stdlib-jdk7/1.8.21/kotlin-stdlib-jdk7-1.8.21.jar:/home/icanio-10155/.m2/repository/org/aspectj/aspectjrt/1.9.19/aspectjrt-1.9.19.jar:/home/icanio-10155/.m2/repository/org/aspectj/aspectjweaver/1.9.19/aspectjweaver-1.9.19.jar:"/>
    <property name="java.vm.vendor" value="Ubuntu"/>
    <property name="sun.arch.data.model" value="64"/>
    <property name="java.vendor.url" value="https://ubuntu.com/"/>
    <property name="user.timezone" value="Asia/Kolkata"/>
    <property name="suiteXmlFile" value="suite/DcmAdminEnums.xml"/>
    <property name="os.name" value="Linux"/>
    <property name="java.vm.specification.version" value="21"/>
    <property name="user.country" value="US"/>
    <property name="sun.java.launcher" value="SUN_STANDARD"/>
    <property name="sun.boot.library.path" value="/usr/lib/jvm/java-21-openjdk-amd64/lib"/>
    <property name="sun.java.command" value="/home/icanio-10155/app/DCM/Automation/target/surefire/surefirebooter2920171653514015404.jar /home/icanio-10155/app/DCM/Automation/target/surefire 2025-05-24T12-58-33_600-jvmRun1 surefire15688114247565989785tmp surefire_018176600517549640880tmp"/>
    <property name="jdk.debug" value="release"/>
    <property name="surefire.test.class.path" value="/home/icanio-10155/app/DCM/Automation/target/test-classes:/home/icanio-10155/app/DCM/Automation/target/classes:/home/icanio-10155/.m2/repository/com/microsoft/playwright/playwright/1.51.0/playwright-1.51.0.jar:/home/icanio-10155/.m2/repository/com/google/code/gson/gson/2.12.1/gson-2.12.1.jar:/home/icanio-10155/.m2/repository/com/google/errorprone/error_prone_annotations/2.36.0/error_prone_annotations-2.36.0.jar:/home/icanio-10155/.m2/repository/org/opentest4j/opentest4j/1.3.0/opentest4j-1.3.0.jar:/home/icanio-10155/.m2/repository/com/microsoft/playwright/driver/1.51.0/driver-1.51.0.jar:/home/icanio-10155/.m2/repository/com/microsoft/playwright/driver-bundle/1.51.0/driver-bundle-1.51.0.jar:/home/icanio-10155/.m2/repository/org/apache/poi/poi-ooxml/5.3.0/poi-ooxml-5.3.0.jar:/home/icanio-10155/.m2/repository/org/apache/poi/poi-ooxml-lite/5.3.0/poi-ooxml-lite-5.3.0.jar:/home/icanio-10155/.m2/repository/org/apache/xmlbeans/xmlbeans/5.2.1/xmlbeans-5.2.1.jar:/home/icanio-10155/.m2/repository/org/apache/commons/commons-compress/1.26.2/commons-compress-1.26.2.jar:/home/icanio-10155/.m2/repository/commons-io/commons-io/2.16.1/commons-io-2.16.1.jar:/home/icanio-10155/.m2/repository/com/github/virtuald/curvesapi/1.08/curvesapi-1.08.jar:/home/icanio-10155/.m2/repository/org/apache/logging/log4j/log4j-api/2.23.1/log4j-api-2.23.1.jar:/home/icanio-10155/.m2/repository/org/apache/commons/commons-collections4/4.4/commons-collections4-4.4.jar:/home/icanio-10155/.m2/repository/javax/annotation/javax.annotation-api/1.3.2/javax.annotation-api-1.3.2.jar:/home/icanio-10155/.m2/repository/org/apache/poi/poi/5.3.0/poi-5.3.0.jar:/home/icanio-10155/.m2/repository/commons-codec/commons-codec/1.17.0/commons-codec-1.17.0.jar:/home/icanio-10155/.m2/repository/org/apache/commons/commons-math3/3.6.1/commons-math3-3.6.1.jar:/home/icanio-10155/.m2/repository/com/zaxxer/SparseBitSet/1.3/SparseBitSet-1.3.jar:/home/icanio-10155/.m2/repository/io/github/bonigarcia/webdrivermanager/5.9.2/webdrivermanager-5.9.2.jar:/home/icanio-10155/.m2/repository/com/github/docker-java/docker-java/3.4.0/docker-java-3.4.0.jar:/home/icanio-10155/.m2/repository/com/github/docker-java/docker-java-core/3.4.0/docker-java-core-3.4.0.jar:/home/icanio-10155/.m2/repository/com/github/docker-java/docker-java-api/3.4.0/docker-java-api-3.4.0.jar:/home/icanio-10155/.m2/repository/org/slf4j/jcl-over-slf4j/1.7.30/jcl-over-slf4j-1.7.30.jar:/home/icanio-10155/.m2/repository/com/github/docker-java/docker-java-transport-httpclient5/3.4.0/docker-java-transport-httpclient5-3.4.0.jar:/home/icanio-10155/.m2/repository/com/github/docker-java/docker-java-transport/3.4.0/docker-java-transport-3.4.0.jar:/home/icanio-10155/.m2/repository/net/java/dev/jna/jna/5.13.0/jna-5.13.0.jar:/home/icanio-10155/.m2/repository/org/brotli/dec/0.1.2/dec-0.1.2.jar:/home/icanio-10155/.m2/repository/org/apache/httpcomponents/client5/httpclient5/5.2.1/httpclient5-5.2.1.jar:/home/icanio-10155/.m2/repository/org/apache/httpcomponents/core5/httpcore5/5.2/httpcore5-5.2.jar:/home/icanio-10155/.m2/repository/org/apache/httpcomponents/core5/httpcore5-h2/5.2/httpcore5-h2-5.2.jar:/home/icanio-10155/.m2/repository/org/projectlombok/lombok/1.18.34/lombok-1.18.34.jar:/home/icanio-10155/.m2/repository/com/aventstack/extentreports/5.1.2/extentreports-5.1.2.jar:/home/icanio-10155/.m2/repository/io/reactivex/rxjava3/rxjava/3.1.6/rxjava-3.1.6.jar:/home/icanio-10155/.m2/repository/org/reactivestreams/reactive-streams/1.0.4/reactive-streams-1.0.4.jar:/home/icanio-10155/.m2/repository/org/freemarker/freemarker/2.3.32/freemarker-2.3.32.jar:/home/icanio-10155/.m2/repository/org/testng/testng/7.10.2/testng-7.10.2.jar:/home/icanio-10155/.m2/repository/com/beust/jcommander/1.82/jcommander-1.82.jar:/home/icanio-10155/.m2/repository/org/webjars/jquery/3.7.1/jquery-3.7.1.jar:/home/icanio-10155/.m2/repository/org/json/json/20240303/json-20240303.jar:/home/icanio-10155/.m2/repository/com/fasterxml/jackson/core/jackson-databind/2.18.0/jackson-databind-2.18.0.jar:/home/icanio-10155/.m2/repository/com/fasterxml/jackson/core/jackson-annotations/2.18.0/jackson-annotations-2.18.0.jar:/home/icanio-10155/.m2/repository/com/fasterxml/jackson/core/jackson-core/2.18.0/jackson-core-2.18.0.jar:/home/icanio-10155/.m2/repository/com/github/fge/jackson-coreutils/1.8/jackson-coreutils-1.8.jar:/home/icanio-10155/.m2/repository/com/github/fge/msg-simple/1.1/msg-simple-1.1.jar:/home/icanio-10155/.m2/repository/com/github/fge/btf/1.2/btf-1.2.jar:/home/icanio-10155/.m2/repository/com/google/guava/guava/16.0.1/guava-16.0.1.jar:/home/icanio-10155/.m2/repository/com/google/code/findbugs/jsr305/2.0.1/jsr305-2.0.1.jar:/home/icanio-10155/.m2/repository/com/github/fge/json-schema-core/1.2.5/json-schema-core-1.2.5.jar:/home/icanio-10155/.m2/repository/com/github/fge/uri-template/0.9/uri-template-0.9.jar:/home/icanio-10155/.m2/repository/org/mozilla/rhino/1.7R4/rhino-1.7R4.jar:/home/icanio-10155/.m2/repository/com/googlecode/json-simple/json-simple/1.1.1/json-simple-1.1.1.jar:/home/icanio-10155/.m2/repository/junit/junit/4.10/junit-4.10.jar:/home/icanio-10155/.m2/repository/org/hamcrest/hamcrest-core/1.1/hamcrest-core-1.1.jar:/home/icanio-10155/.m2/repository/org/apache/commons/commons-lang3/3.17.0/commons-lang3-3.17.0.jar:/home/icanio-10155/.m2/repository/com/github/seratch/jslack/3.4.2/jslack-3.4.2.jar:/home/icanio-10155/.m2/repository/com/github/seratch/jslack-api-model/3.4.2/jslack-api-model-3.4.2.jar:/home/icanio-10155/.m2/repository/com/github/seratch/jslack-api-client/3.4.2/jslack-api-client-3.4.2.jar:/home/icanio-10155/.m2/repository/com/squareup/okhttp3/okhttp/4.2.2/okhttp-4.2.2.jar:/home/icanio-10155/.m2/repository/com/squareup/okio/okio/2.2.2/okio-2.2.2.jar:/home/icanio-10155/.m2/repository/org/jetbrains/kotlin/kotlin-stdlib/1.3.50/kotlin-stdlib-1.3.50.jar:/home/icanio-10155/.m2/repository/org/jetbrains/kotlin/kotlin-stdlib-common/1.3.50/kotlin-stdlib-common-1.3.50.jar:/home/icanio-10155/.m2/repository/org/jetbrains/annotations/13.0/annotations-13.0.jar:/home/icanio-10155/.m2/repository/com/github/seratch/jslack-app-backend/3.4.2/jslack-app-backend-3.4.2.jar:/home/icanio-10155/.m2/repository/org/apache/httpcomponents/httpmime/4.5.14/httpmime-4.5.14.jar:/home/icanio-10155/.m2/repository/org/apache/httpcomponents/httpclient/4.5.14/httpclient-4.5.14.jar:/home/icanio-10155/.m2/repository/org/apache/httpcomponents/httpcore/4.4.16/httpcore-4.4.16.jar:/home/icanio-10155/.m2/repository/commons-logging/commons-logging/1.2/commons-logging-1.2.jar:/home/icanio-10155/.m2/repository/org/slf4j/slf4j-simple/2.0.16/slf4j-simple-2.0.16.jar:/home/icanio-10155/.m2/repository/org/slf4j/slf4j-api/2.0.16/slf4j-api-2.0.16.jar:/home/icanio-10155/.m2/repository/com/epam/reportportal/agent-java-testng/5.4.3/agent-java-testng-5.4.3.jar:/home/icanio-10155/.m2/repository/com/epam/reportportal/client-java/5.2.15/client-java-5.2.15.jar:/home/icanio-10155/.m2/repository/com/epam/reportportal/commons-model/5.3.3/commons-model-5.3.3.jar:/home/icanio-10155/.m2/repository/io/swagger/swagger-annotations/1.6.0/swagger-annotations-1.6.0.jar:/home/icanio-10155/.m2/repository/javax/validation/validation-api/2.0.1.Final/validation-api-2.0.1.Final.jar:/home/icanio-10155/.m2/repository/io/reactivex/rxjava2/rxjava/2.2.10/rxjava-2.2.10.jar:/home/icanio-10155/.m2/repository/com/squareup/retrofit2/retrofit/2.9.0/retrofit-2.9.0.jar:/home/icanio-10155/.m2/repository/com/squareup/retrofit2/converter-scalars/2.9.0/converter-scalars-2.9.0.jar:/home/icanio-10155/.m2/repository/com/squareup/retrofit2/converter-jackson/2.9.0/converter-jackson-2.9.0.jar:/home/icanio-10155/.m2/repository/com/squareup/retrofit2/adapter-rxjava2/2.9.0/adapter-rxjava2-2.9.0.jar:/home/icanio-10155/.m2/repository/com/squareup/okhttp3/logging-interceptor/4.12.0/logging-interceptor-4.12.0.jar:/home/icanio-10155/.m2/repository/org/jetbrains/kotlin/kotlin-stdlib-jdk8/1.8.21/kotlin-stdlib-jdk8-1.8.21.jar:/home/icanio-10155/.m2/repository/org/jetbrains/kotlin/kotlin-stdlib-jdk7/1.8.21/kotlin-stdlib-jdk7-1.8.21.jar:/home/icanio-10155/.m2/repository/org/aspectj/aspectjrt/1.9.19/aspectjrt-1.9.19.jar:/home/icanio-10155/.m2/repository/org/aspectj/aspectjweaver/1.9.19/aspectjweaver-1.9.19.jar:"/>
    <property name="sun.cpu.endian" value="little"/>
    <property name="user.home" value="/home/icanio-10155"/>
    <property name="user.language" value="en"/>
    <property name="java.specification.vendor" value="Oracle Corporation"/>
    <property name="java.version.date" value="2025-04-15"/>
    <property name="java.home" value="/usr/lib/jvm/java-21-openjdk-amd64"/>
    <property name="file.separator" value="/"/>
    <property name="basedir" value="/home/icanio-10155/app/DCM/Automation"/>
    <property name="java.vm.compressedOopsMode" value="Zero based"/>
    <property name="line.separator" value="&#10;"/>
    <property name="java.vm.specification.vendor" value="Oracle Corporation"/>
    <property name="java.specification.name" value="Java Platform API Specification"/>
    <property name="surefire.real.class.path" value="/home/icanio-10155/app/DCM/Automation/target/surefire/surefirebooter2920171653514015404.jar"/>
    <property name="sun.management.compiler" value="HotSpot 64-Bit Tiered Compilers"/>
    <property name="java.runtime.version" value="21.0.7+6-Ubuntu-0ubuntu122.04"/>
    <property name="user.name" value="icanio-10155"/>
    <property name="stdout.encoding" value="UTF-8"/>
    <property name="path.separator" value=":"/>
    <property name="os.version" value="6.8.0-59-generic"/>
    <property name="java.runtime.name" value="OpenJDK Runtime Environment"/>
    <property name="file.encoding" value="UTF-8"/>
    <property name="java.vm.name" value="OpenJDK 64-Bit Server VM"/>
    <property name="testFailureIgnore" value="false"/>
    <property name="localRepository" value="/home/icanio-10155/.m2/repository"/>
    <property name="java.vendor.url.bug" value="https://bugs.launchpad.net/ubuntu/+source/openjdk-21"/>
    <property name="java.io.tmpdir" value="/tmp"/>
    <property name="java.version" value="21.0.7"/>
    <property name="user.dir" value="/home/icanio-10155/app/DCM/Automation"/>
    <property name="os.arch" value="amd64"/>
    <property name="java.vm.specification.name" value="Java Virtual Machine Specification"/>
    <property name="native.encoding" value="UTF-8"/>
    <property name="java.library.path" value="/home/icanio-10155/oracle_client/instantclient_21_12::/usr/java/packages/lib:/usr/lib/x86_64-linux-gnu/jni:/lib/x86_64-linux-gnu:/usr/lib/x86_64-linux-gnu:/usr/lib/jni:/lib:/usr/lib"/>
    <property name="java.vm.info" value="mixed mode, sharing"/>
    <property name="stderr.encoding" value="UTF-8"/>
    <property name="java.vendor" value="Ubuntu"/>
    <property name="java.vm.version" value="21.0.7+6-Ubuntu-0ubuntu122.04"/>
    <property name="sun.io.unicode.encoding" value="UnicodeLittle"/>
    <property name="java.class.version" value="65.0"/>
  </properties>
  <testcase name="dcmAdminEnumsPage" classname="com.trilogy.dcm.tests.dcmAdminEnums.DcmAdminEnumsTest" time="33.341">
    <system-out><![CDATA[2025-05-24T07:28:43.472532817Z main ERROR Log4j2 could not find a logging implementation. Please add log4j-core to the classpath. Using SimpleLogger to log to the console...
]]></system-out>
    <system-err><![CDATA[[main] INFO com.trilogy.dcm.base.playwright.PlaywrightWebDriver - Running browser version: 133.0.6943.141
[main] INFO com.trilogy.dcm.listeners.SuiteRetryAnalyzer - Starting suite: Login - Attempt: 1
[main] INFO com.trilogy.dcm.listeners.TestListener - I am in onStart method Dcm Admin Enums Test
[main] INFO com.trilogy.dcm.base.playwright.PlaywrightElement - Given text [sa] entered on element [LOGINNAME], current value []
[main] INFO com.trilogy.dcm.pages.BasePage - Set text [sa] in element: LOGINNAME
[main] INFO com.trilogy.dcm.base.playwright.PlaywrightElement - Given text [sa] entered on element [PASSWORD], current value []
[main] INFO com.trilogy.dcm.pages.BasePage - Set text [sa] in element: PASSWORD
[main] INFO com.trilogy.dcm.pages.BasePage - Clicked element: Login
[main] INFO com.trilogy.dcm.listeners.TestListener - dCM Admin Enums test is starting.
[main] INFO com.trilogy.dcm.pages.BasePage - Clicked element: DcmAdmin
[main] INFO com.trilogy.dcm.pages.BasePage - Clicked element: sub supporting data
[main] WARN com.trilogy.dcm.base.playwright.PlaywrightElement - Failed to detect elements with xpath: //button[@title= 'Search Course'], timeout: 30000ms
com.microsoft.playwright.TimeoutError: Error {
  message='Timeout 30000ms exceeded.
  name='TimeoutError
  stack='TimeoutError: Timeout 30000ms exceeded.
    at ProgressController.run (/tmp/playwright-java-18026810579264517474/package/lib/server/progress.js:75:26)
    at Frame.waitForSelector (/tmp/playwright-java-18026810579264517474/package/lib/server/frames.js:629:23)
    at FrameDispatcher.waitForSelector (/tmp/playwright-java-18026810579264517474/package/lib/server/dispatchers/frameDispatcher.js:105:103)
    at FrameDispatcher._handleCommand (/tmp/playwright-java-18026810579264517474/package/lib/server/dispatchers/dispatcher.js:96:40)
    at DispatcherConnection.dispatch (/tmp/playwright-java-18026810579264517474/package/lib/server/dispatchers/dispatcher.js:366:39)
}
Call log:
-   - waiting for locator("frame[name='sidebar']").contentFrame().locator("//button[@title= 'Search Course']") to be visible

	at com.microsoft.playwright.impl.WaitableResult.get(WaitableResult.java:52)
	at com.microsoft.playwright.impl.ChannelOwner.runUntil(ChannelOwner.java:132)
	at com.microsoft.playwright.impl.Connection.sendMessage(Connection.java:130)
	at com.microsoft.playwright.impl.ChannelOwner.sendMessage(ChannelOwner.java:118)
	at com.microsoft.playwright.impl.FrameImpl.waitForSelectorImpl(FrameImpl.java:1060)
	at com.microsoft.playwright.impl.LocatorImpl.lambda$waitForImpl$8(LocatorImpl.java:634)
	at com.microsoft.playwright.impl.LoggingSupport.withLogging(LoggingSupport.java:47)
	at com.microsoft.playwright.impl.ChannelOwner.withLogging(ChannelOwner.java:97)
	at com.microsoft.playwright.impl.LocatorImpl.waitForImpl(LocatorImpl.java:634)
	at com.microsoft.playwright.impl.LocatorImpl.waitFor(LocatorImpl.java:630)
	at com.trilogy.dcm.base.playwright.PlaywrightElement.detectElements(PlaywrightElement.java:64)
	at com.trilogy.dcm.base.playwright.PlaywrightElement.isElementPresent(PlaywrightElement.java:110)
	at com.trilogy.dcm.base.playwright.PlaywrightWebDriver.isElementPresent(PlaywrightWebDriver.java:164)
	at com.trilogy.dcm.pages.BasePage.isElementPresent(BasePage.java:203)
	at com.trilogy.dcm.pages.dcmAdminEnums.DcmAdminEnumsPage.selectEnums(DcmAdminEnumsPage.java:70)
	at com.trilogy.dcm.tests.dcmAdminEnums.DcmAdminEnumsTest.dcmAdminEnumsPage(DcmAdminEnumsTest.java:58)
	at java.base/jdk.internal.reflect.DirectMethodHandleAccessor.invoke(DirectMethodHandleAccessor.java:103)
	at java.base/java.lang.reflect.Method.invoke(Method.java:580)
	at org.testng.internal.invokers.MethodInvocationHelper.invokeMethod(MethodInvocationHelper.java:141)
	at org.testng.internal.invokers.TestInvoker.invokeMethod(TestInvoker.java:686)
	at org.testng.internal.invokers.TestInvoker.invokeTestMethod(TestInvoker.java:230)
	at org.testng.internal.invokers.MethodRunner.runInSequence(MethodRunner.java:63)
	at org.testng.internal.invokers.TestInvoker$MethodInvocationAgent.invoke(TestInvoker.java:992)
	at org.testng.internal.invokers.TestInvoker.invokeTestMethods(TestInvoker.java:203)
	at org.testng.internal.invokers.TestMethodWorker.invokeTestMethods(TestMethodWorker.java:154)
	at org.testng.internal.invokers.TestMethodWorker.run(TestMethodWorker.java:134)
	at java.base/java.util.ArrayList.forEach(ArrayList.java:1596)
	at org.testng.TestRunner.privateRun(TestRunner.java:739)
	at org.testng.TestRunner.run(TestRunner.java:614)
	at org.testng.SuiteRunner.runTest(SuiteRunner.java:421)
	at org.testng.SuiteRunner.runSequentially(SuiteRunner.java:413)
	at org.testng.SuiteRunner.privateRun(SuiteRunner.java:373)
	at org.testng.SuiteRunner.run(SuiteRunner.java:312)
	at org.testng.SuiteRunnerWorker.runSuite(SuiteRunnerWorker.java:52)
	at org.testng.SuiteRunnerWorker.run(SuiteRunnerWorker.java:95)
	at org.testng.TestNG.runSuitesSequentially(TestNG.java:1274)
	at org.testng.TestNG.runSuitesLocally(TestNG.java:1208)
	at org.testng.TestNG.runSuites(TestNG.java:1112)
	at org.testng.TestNG.run(TestNG.java:1079)
	at org.apache.maven.surefire.testng.TestNGExecutor.run(TestNGExecutor.java:284)
	at org.apache.maven.surefire.testng.TestNGXmlTestSuite.execute(TestNGXmlTestSuite.java:75)
	at org.apache.maven.surefire.testng.TestNGProvider.invoke(TestNGProvider.java:119)
	at org.apache.maven.surefire.booter.ForkedBooter.runSuitesInProcess(ForkedBooter.java:428)
	at org.apache.maven.surefire.booter.ForkedBooter.execute(ForkedBooter.java:162)
	at org.apache.maven.surefire.booter.ForkedBooter.run(ForkedBooter.java:562)
	at org.apache.maven.surefire.booter.ForkedBooter.main(ForkedBooter.java:548)
Caused by: com.microsoft.playwright.TimeoutError: Error {
  message='Timeout 30000ms exceeded.
  name='TimeoutError
  stack='TimeoutError: Timeout 30000ms exceeded.
    at ProgressController.run (/tmp/playwright-java-18026810579264517474/package/lib/server/progress.js:75:26)
    at Frame.waitForSelector (/tmp/playwright-java-18026810579264517474/package/lib/server/frames.js:629:23)
    at FrameDispatcher.waitForSelector (/tmp/playwright-java-18026810579264517474/package/lib/server/dispatchers/frameDispatcher.js:105:103)
    at FrameDispatcher._handleCommand (/tmp/playwright-java-18026810579264517474/package/lib/server/dispatchers/dispatcher.js:96:40)
    at DispatcherConnection.dispatch (/tmp/playwright-java-18026810579264517474/package/lib/server/dispatchers/dispatcher.js:366:39)
}
Call log:
-   - waiting for locator("frame[name='sidebar']").contentFrame().locator("//button[@title= 'Search Course']") to be visible

	at com.microsoft.playwright.impl.Connection.dispatch(Connection.java:254)
	at com.microsoft.playwright.impl.Connection.processOneMessage(Connection.java:211)
	at com.microsoft.playwright.impl.ChannelOwner.runUntil(ChannelOwner.java:130)
	... 44 more
[main] INFO com.trilogy.dcm.pages.BasePage - Clicked element: CourseDropDown
[main] INFO com.trilogy.dcm.pages.BasePage - Clicked element: enumsSearch
[main] INFO com.trilogy.dcm.listeners.SuiteRetryAnalyzer - Test passed: dcmAdminEnumsPage
[main] INFO com.trilogy.dcm.listeners.TestListener - dCM Admin Enums test is succeeded.
]]></system-err>
  </testcase>
  <testcase name="createEnums[10, enum1, 22, enum creation](1)" classname="com.trilogy.dcm.tests.dcmAdminEnums.DcmAdminEnumsTest" time="14.831">
    <system-err><![CDATA[[main] INFO com.trilogy.dcm.listeners.TestListener - create Enums test is starting.
[main] INFO com.trilogy.dcm.pages.BasePage - Clicked element: createEnums
[main] INFO com.trilogy.dcm.base.playwright.PlaywrightElement - Given text [10] entered on element [Id], current value []
[main] INFO com.trilogy.dcm.pages.BasePage - Set text [10] in element: basicInfo
[main] INFO com.trilogy.dcm.pages.BasePage - Clicked element: add
[main] INFO com.trilogy.dcm.pages.BasePage - Clicked element: enumName
[main] INFO com.trilogy.dcm.base.playwright.PlaywrightElement - Given text [enum1] entered on element [Entries_Name_0], current value []
[main] INFO com.trilogy.dcm.pages.BasePage - Set text [enum1] in element: enumName
[main] INFO com.trilogy.dcm.pages.BasePage - Clicked element: value
[main] INFO com.trilogy.dcm.base.playwright.PlaywrightElement - Given text [22] entered on element [Entries_Value_0], current value []
[main] INFO com.trilogy.dcm.pages.BasePage - Set text [22] in element: value
[main] INFO com.trilogy.dcm.pages.BasePage - Clicked element: displayName
[main] INFO com.trilogy.dcm.base.playwright.PlaywrightElement - Given text [enum creation] entered on element [Entries_DisplayName_0], current value []
[main] INFO com.trilogy.dcm.pages.BasePage - Set text [enum creation] in element: displayName
[main] INFO com.trilogy.dcm.pages.BasePage - Clicked element: validateButton
[main] INFO com.trilogy.dcm.pages.BasePage - Clicked element: validateButton
[main] INFO com.trilogy.dcm.pages.BasePage - Fetched text: Validating...successful
[main] INFO com.trilogy.dcm.pages.BasePage - Clicked element: saveButton
[main] INFO com.trilogy.dcm.listeners.SuiteRetryAnalyzer - Test passed: createEnums
[main] INFO com.trilogy.dcm.listeners.TestListener - create Enums test is succeeded.
]]></system-err>
  </testcase>
  <testcase name="searchAndEditEnums[10, 20](1)" classname="com.trilogy.dcm.tests.dcmAdminEnums.DcmAdminEnumsTest" time="5.389">
    <system-err><![CDATA[[main] INFO com.trilogy.dcm.listeners.TestListener - search & Edit Enums test is starting.
[main] INFO com.trilogy.dcm.pages.BasePage - Clicked element: enumerationID
[main] INFO com.trilogy.dcm.base.playwright.PlaywrightElement - Given text [10] entered on element [Field_EnumManager_Enums_Main_ID_Search_Value], current value []
[main] INFO com.trilogy.dcm.pages.BasePage - Set text [10] in element: enumerationID
[main] INFO com.trilogy.dcm.pages.BasePage - Clicked element: searchButton
[main] INFO com.trilogy.dcm.pages.BasePage - Clicked element: editEnumsButton
[main] INFO com.trilogy.dcm.pages.BasePage - Clicked element: editValue
[main] INFO com.trilogy.dcm.base.playwright.PlaywrightElement - Given text [20] entered on element [EntriesEdit_Value_0], current value []
[main] INFO com.trilogy.dcm.pages.BasePage - Set text [20] in element: editValue
[main] INFO com.trilogy.dcm.pages.BasePage - Clicked element: validateButton
[main] INFO com.trilogy.dcm.pages.BasePage - Clicked element: validateButton
[main] INFO com.trilogy.dcm.pages.BasePage - Fetched text: Validating...successful
[main] INFO com.trilogy.dcm.pages.BasePage - Clicked element: saveButton
[main] INFO com.trilogy.dcm.listeners.SuiteRetryAnalyzer - Test passed: searchAndEditEnums
[main] INFO com.trilogy.dcm.listeners.TestListener - search & Edit Enums test is succeeded.
]]></system-err>
  </testcase>
</testsuite>