<?xml version="1.0" encoding="UTF-8"?>
<!-- Generated by org.testng.reporters.JUnitReportReporter -->
<testsuite hostname="santhosh" failures="0" tests="3" name="com.trilogy.dcm.tests.dcmAdminEnums.DcmAdminEnumsTest" time="53.526" errors="0" timestamp="2025-05-24T12:59:43 IST" skipped="0">
  <testcase classname="com.trilogy.dcm.tests.dcmAdminEnums.DcmAdminEnumsTest" name="dcmAdminEnumsPage" time="33.323"/>
  <testcase classname="com.trilogy.dcm.tests.dcmAdminEnums.DcmAdminEnumsTest" name="createEnums" time="14.819"/>
  <testcase classname="com.trilogy.dcm.tests.dcmAdminEnums.DcmAdminEnumsTest" name="searchAndEditEnums" time="5.384"/>
</testsuite> <!-- com.trilogy.dcm.tests.dcmAdminEnums.DcmAdminEnumsTest -->
